mode: set
github.com/cncf/automation/utilities/pr-cooldown/cmd/server/main.go:18.13,27.16 7 0
github.com/cncf/automation/utilities/pr-cooldown/cmd/server/main.go:27.16,29.3 1 0
github.com/cncf/automation/utilities/pr-cooldown/cmd/server/main.go:30.2,53.12 10 0
github.com/cncf/automation/utilities/pr-cooldown/cmd/server/main.go:53.12,55.80 2 0
github.com/cncf/automation/utilities/pr-cooldown/cmd/server/main.go:55.80,57.4 1 0
github.com/cncf/automation/utilities/pr-cooldown/cmd/server/main.go:60.2,66.45 5 0
github.com/cncf/automation/utilities/pr-cooldown/cmd/server/main.go:66.45,68.3 1 0
github.com/cncf/automation/utilities/pr-cooldown/cmd/server/main.go:70.2,70.31 1 0
github.com/cncf/automation/utilities/pr-cooldown/internal/models/models.go:86.79,88.9 2 1
github.com/cncf/automation/utilities/pr-cooldown/internal/models/models.go:89.29,90.17 1 1
github.com/cncf/automation/utilities/pr-cooldown/internal/models/models.go:91.32,92.25 1 1
github.com/cncf/automation/utilities/pr-cooldown/internal/models/models.go:93.10,94.21 1 1
github.com/cncf/automation/utilities/pr-cooldown/internal/evaluator/evaluator.go:21.78,27.2 1 1
github.com/cncf/automation/utilities/pr-cooldown/internal/evaluator/evaluator.go:30.104,35.16 3 1
github.com/cncf/automation/utilities/pr-cooldown/internal/evaluator/evaluator.go:35.16,37.3 1 1
github.com/cncf/automation/utilities/pr-cooldown/internal/evaluator/evaluator.go:38.2,38.21 1 1
github.com/cncf/automation/utilities/pr-cooldown/internal/evaluator/evaluator.go:38.21,39.38 1 1
github.com/cncf/automation/utilities/pr-cooldown/internal/evaluator/evaluator.go:39.38,47.4 2 1
github.com/cncf/automation/utilities/pr-cooldown/internal/evaluator/evaluator.go:51.2,52.16 2 1
github.com/cncf/automation/utilities/pr-cooldown/internal/evaluator/evaluator.go:52.16,54.3 1 1
github.com/cncf/automation/utilities/pr-cooldown/internal/evaluator/evaluator.go:56.2,61.16 4 1
github.com/cncf/automation/utilities/pr-cooldown/internal/evaluator/evaluator.go:61.16,63.3 1 1
github.com/cncf/automation/utilities/pr-cooldown/internal/evaluator/evaluator.go:66.2,68.31 3 1
github.com/cncf/automation/utilities/pr-cooldown/internal/evaluator/evaluator.go:68.31,69.26 1 1
github.com/cncf/automation/utilities/pr-cooldown/internal/evaluator/evaluator.go:69.26,70.24 1 1
github.com/cncf/automation/utilities/pr-cooldown/internal/evaluator/evaluator.go:70.24,72.5 1 1
github.com/cncf/automation/utilities/pr-cooldown/internal/evaluator/evaluator.go:72.10,74.5 1 1
github.com/cncf/automation/utilities/pr-cooldown/internal/evaluator/evaluator.go:79.2,80.9 2 1
github.com/cncf/automation/utilities/pr-cooldown/internal/evaluator/evaluator.go:80.9,83.3 1 1
github.com/cncf/automation/utilities/pr-cooldown/internal/evaluator/evaluator.go:85.2,87.82 3 1
github.com/cncf/automation/utilities/pr-cooldown/internal/evaluator/evaluator.go:87.82,91.3 2 1
github.com/cncf/automation/utilities/pr-cooldown/internal/evaluator/evaluator.go:91.8,91.80 1 1
github.com/cncf/automation/utilities/pr-cooldown/internal/evaluator/evaluator.go:91.80,95.3 2 1
github.com/cncf/automation/utilities/pr-cooldown/internal/evaluator/evaluator.go:97.2,97.15 1 1
github.com/cncf/automation/utilities/pr-cooldown/internal/evaluator/evaluator.go:97.15,99.17 2 1
github.com/cncf/automation/utilities/pr-cooldown/internal/evaluator/evaluator.go:99.17,101.4 1 1
github.com/cncf/automation/utilities/pr-cooldown/internal/evaluator/evaluator.go:103.3,112.9 2 1
github.com/cncf/automation/utilities/pr-cooldown/internal/evaluator/evaluator.go:116.2,121.8 1 1
github.com/cncf/automation/utilities/pr-cooldown/internal/evaluator/evaluator.go:125.113,127.16 2 1
github.com/cncf/automation/utilities/pr-cooldown/internal/evaluator/evaluator.go:127.16,129.3 1 1
github.com/cncf/automation/utilities/pr-cooldown/internal/evaluator/evaluator.go:130.2,130.60 1 1
github.com/cncf/automation/utilities/pr-cooldown/internal/evaluator/evaluator.go:130.60,132.3 1 1
github.com/cncf/automation/utilities/pr-cooldown/internal/evaluator/evaluator.go:134.2,135.16 2 1
github.com/cncf/automation/utilities/pr-cooldown/internal/evaluator/evaluator.go:135.16,137.3 1 1
github.com/cncf/automation/utilities/pr-cooldown/internal/evaluator/evaluator.go:139.2,139.51 1 1
github.com/cncf/automation/utilities/pr-cooldown/internal/evaluator/evaluator.go:139.51,141.3 1 1
github.com/cncf/automation/utilities/pr-cooldown/internal/evaluator/evaluator.go:143.2,143.18 1 1
github.com/cncf/automation/utilities/pr-cooldown/internal/evaluator/evaluator.go:147.157,149.16 2 1
github.com/cncf/automation/utilities/pr-cooldown/internal/evaluator/evaluator.go:149.16,151.3 1 1
github.com/cncf/automation/utilities/pr-cooldown/internal/evaluator/evaluator.go:154.2,154.65 1 1
github.com/cncf/automation/utilities/pr-cooldown/internal/evaluator/evaluator.go:154.65,156.3 1 1
github.com/cncf/automation/utilities/pr-cooldown/internal/evaluator/evaluator.go:159.2,160.16 2 1
github.com/cncf/automation/utilities/pr-cooldown/internal/evaluator/evaluator.go:160.16,162.3 1 1
github.com/cncf/automation/utilities/pr-cooldown/internal/evaluator/evaluator.go:165.2,165.28 1 1
github.com/cncf/automation/utilities/pr-cooldown/internal/evaluator/evaluator.go:165.28,166.24 1 1
github.com/cncf/automation/utilities/pr-cooldown/internal/evaluator/evaluator.go:166.24,170.18 2 1
github.com/cncf/automation/utilities/pr-cooldown/internal/evaluator/evaluator.go:170.18,173.5 1 1
github.com/cncf/automation/utilities/pr-cooldown/internal/evaluator/evaluator.go:174.4,174.42 1 1
github.com/cncf/automation/utilities/pr-cooldown/internal/evaluator/evaluator.go:179.2,179.25 1 1
github.com/cncf/automation/utilities/pr-cooldown/internal/evaluator/evaluator.go:179.25,180.59 1 1
github.com/cncf/automation/utilities/pr-cooldown/internal/evaluator/evaluator.go:180.59,182.4 1 1
github.com/cncf/automation/utilities/pr-cooldown/internal/evaluator/evaluator.go:185.2,185.24 1 1
github.com/cncf/automation/utilities/pr-cooldown/internal/evaluator/evaluator.go:189.141,191.21 2 1
github.com/cncf/automation/utilities/pr-cooldown/internal/evaluator/evaluator.go:191.21,193.3 1 1
github.com/cncf/automation/utilities/pr-cooldown/internal/evaluator/evaluator.go:193.8,199.3 1 1
github.com/cncf/automation/utilities/pr-cooldown/internal/evaluator/evaluator.go:202.2,203.21 2 1
github.com/cncf/automation/utilities/pr-cooldown/internal/evaluator/evaluator.go:203.21,206.3 1 1
github.com/cncf/automation/utilities/pr-cooldown/internal/evaluator/evaluator.go:209.2,209.27 1 1
github.com/cncf/automation/utilities/pr-cooldown/internal/evaluator/evaluator.go:209.27,211.3 1 1
github.com/cncf/automation/utilities/pr-cooldown/internal/evaluator/evaluator.go:213.2,217.15 3 1
github.com/cncf/automation/utilities/pr-cooldown/internal/evaluator/evaluator.go:217.15,220.3 1 1
github.com/cncf/automation/utilities/pr-cooldown/internal/evaluator/evaluator.go:220.8,223.3 2 1
github.com/cncf/automation/utilities/pr-cooldown/internal/evaluator/evaluator.go:225.2,232.49 3 1
github.com/cncf/automation/utilities/pr-cooldown/internal/evaluator/evaluator.go:232.49,234.3 1 1
github.com/cncf/automation/utilities/pr-cooldown/internal/evaluator/evaluator.go:236.2,236.17 1 1
github.com/cncf/automation/utilities/pr-cooldown/internal/evaluator/evaluator.go:240.64,241.29 1 1
github.com/cncf/automation/utilities/pr-cooldown/internal/evaluator/evaluator.go:241.29,244.3 1 1
github.com/cncf/automation/utilities/pr-cooldown/internal/evaluator/evaluator.go:245.2,245.36 1 1
github.com/cncf/automation/utilities/pr-cooldown/internal/evaluator/evaluator.go:249.55,250.29 1 1
github.com/cncf/automation/utilities/pr-cooldown/internal/evaluator/evaluator.go:250.29,252.3 1 1
github.com/cncf/automation/utilities/pr-cooldown/internal/evaluator/evaluator.go:253.2,253.87 1 1
github.com/cncf/automation/utilities/pr-cooldown/internal/api/handler.go:24.65,29.2 1 1
github.com/cncf/automation/utilities/pr-cooldown/internal/api/handler.go:32.71,36.2 3 1
github.com/cncf/automation/utilities/pr-cooldown/internal/api/handler.go:39.65,40.33 1 1
github.com/cncf/automation/utilities/pr-cooldown/internal/api/handler.go:40.33,43.3 2 1
github.com/cncf/automation/utilities/pr-cooldown/internal/api/handler.go:45.2,46.61 2 1
github.com/cncf/automation/utilities/pr-cooldown/internal/api/handler.go:46.61,49.3 2 1
github.com/cncf/automation/utilities/pr-cooldown/internal/api/handler.go:51.2,51.46 1 1
github.com/cncf/automation/utilities/pr-cooldown/internal/api/handler.go:51.46,54.3 2 1
github.com/cncf/automation/utilities/pr-cooldown/internal/api/handler.go:57.2,64.16 7 1
github.com/cncf/automation/utilities/pr-cooldown/internal/api/handler.go:64.16,68.3 3 1
github.com/cncf/automation/utilities/pr-cooldown/internal/api/handler.go:70.2,71.33 2 1
github.com/cncf/automation/utilities/pr-cooldown/internal/api/handler.go:74.54,75.24 1 1
github.com/cncf/automation/utilities/pr-cooldown/internal/api/handler.go:75.24,77.3 1 1
github.com/cncf/automation/utilities/pr-cooldown/internal/api/handler.go:78.2,78.20 1 1
github.com/cncf/automation/utilities/pr-cooldown/internal/api/handler.go:78.20,80.3 1 1
github.com/cncf/automation/utilities/pr-cooldown/internal/api/handler.go:81.2,81.23 1 1
github.com/cncf/automation/utilities/pr-cooldown/internal/api/handler.go:81.23,83.3 1 1
github.com/cncf/automation/utilities/pr-cooldown/internal/api/handler.go:84.2,84.27 1 1
github.com/cncf/automation/utilities/pr-cooldown/internal/api/handler.go:84.27,86.3 1 1
github.com/cncf/automation/utilities/pr-cooldown/internal/api/handler.go:87.2,87.35 1 1
github.com/cncf/automation/utilities/pr-cooldown/internal/api/handler.go:87.35,89.3 1 1
github.com/cncf/automation/utilities/pr-cooldown/internal/api/handler.go:90.2,90.27 1 1
github.com/cncf/automation/utilities/pr-cooldown/internal/api/handler.go:90.27,96.3 1 1
github.com/cncf/automation/utilities/pr-cooldown/internal/api/handler.go:97.2,97.12 1 1
github.com/cncf/automation/utilities/pr-cooldown/internal/api/handler.go:104.42,106.2 1 1
github.com/cncf/automation/utilities/pr-cooldown/internal/api/handler.go:108.37,110.2 1 1
github.com/cncf/automation/utilities/pr-cooldown/internal/api/middleware.go:20.51,23.2 2 1
github.com/cncf/automation/utilities/pr-cooldown/internal/api/middleware.go:36.81,40.2 3 0
github.com/cncf/automation/utilities/pr-cooldown/internal/api/middleware.go:51.64,57.2 1 1
github.com/cncf/automation/utilities/pr-cooldown/internal/api/middleware.go:60.104,66.2 1 1
github.com/cncf/automation/utilities/pr-cooldown/internal/api/middleware.go:70.69,71.71 1 1
github.com/cncf/automation/utilities/pr-cooldown/internal/api/middleware.go:71.71,73.18 2 1
github.com/cncf/automation/utilities/pr-cooldown/internal/api/middleware.go:73.18,76.4 2 1
github.com/cncf/automation/utilities/pr-cooldown/internal/api/middleware.go:79.3,83.47 4 1
github.com/cncf/automation/utilities/pr-cooldown/internal/api/middleware.go:83.47,88.4 3 1
github.com/cncf/automation/utilities/pr-cooldown/internal/api/middleware.go:91.3,94.17 3 1
github.com/cncf/automation/utilities/pr-cooldown/internal/api/middleware.go:94.17,97.4 2 1
github.com/cncf/automation/utilities/pr-cooldown/internal/api/middleware.go:100.3,108.40 5 1
github.com/cncf/automation/utilities/pr-cooldown/internal/api/middleware.go:112.49,114.16 2 1
github.com/cncf/automation/utilities/pr-cooldown/internal/api/middleware.go:114.16,116.3 1 1
github.com/cncf/automation/utilities/pr-cooldown/internal/api/middleware.go:117.2,118.63 2 1
github.com/cncf/automation/utilities/pr-cooldown/internal/api/middleware.go:118.63,120.3 1 1
github.com/cncf/automation/utilities/pr-cooldown/internal/api/middleware.go:121.2,121.36 1 1
github.com/cncf/automation/utilities/pr-cooldown/internal/github/client.go:37.49,39.2 1 1
github.com/cncf/automation/utilities/pr-cooldown/internal/github/client.go:42.75,44.16 2 1
github.com/cncf/automation/utilities/pr-cooldown/internal/github/client.go:44.16,46.3 1 1
github.com/cncf/automation/utilities/pr-cooldown/internal/github/client.go:47.2,47.29 1 1
github.com/cncf/automation/utilities/pr-cooldown/internal/github/client.go:51.94,53.16 2 1
github.com/cncf/automation/utilities/pr-cooldown/internal/github/client.go:53.16,55.3 1 1
github.com/cncf/automation/utilities/pr-cooldown/internal/github/client.go:57.2,61.8 1 1
github.com/cncf/automation/utilities/pr-cooldown/internal/github/client.go:65.118,78.6 4 1
github.com/cncf/automation/utilities/pr-cooldown/internal/github/client.go:78.6,80.17 2 1
github.com/cncf/automation/utilities/pr-cooldown/internal/github/client.go:80.17,82.4 1 1
github.com/cncf/automation/utilities/pr-cooldown/internal/github/client.go:84.3,84.39 1 1
github.com/cncf/automation/utilities/pr-cooldown/internal/github/client.go:84.39,96.29 4 1
github.com/cncf/automation/utilities/pr-cooldown/internal/github/client.go:96.29,99.5 2 1
github.com/cncf/automation/utilities/pr-cooldown/internal/github/client.go:101.4,101.51 1 1
github.com/cncf/automation/utilities/pr-cooldown/internal/github/client.go:104.3,104.25 1 1
github.com/cncf/automation/utilities/pr-cooldown/internal/github/client.go:104.25,105.9 1 1
github.com/cncf/automation/utilities/pr-cooldown/internal/github/client.go:107.3,107.28 1 0
github.com/cncf/automation/utilities/pr-cooldown/internal/github/client.go:110.2,110.27 1 1
github.com/cncf/automation/utilities/pr-cooldown/internal/github/client.go:114.154,116.21 2 1
github.com/cncf/automation/utilities/pr-cooldown/internal/github/client.go:116.21,118.3 1 1
github.com/cncf/automation/utilities/pr-cooldown/internal/github/client.go:119.2,129.6 3 1
github.com/cncf/automation/utilities/pr-cooldown/internal/github/client.go:129.6,131.17 2 1
github.com/cncf/automation/utilities/pr-cooldown/internal/github/client.go:131.17,133.4 1 1
github.com/cncf/automation/utilities/pr-cooldown/internal/github/client.go:135.3,135.36 1 1
github.com/cncf/automation/utilities/pr-cooldown/internal/github/client.go:135.36,137.48 1 1
github.com/cncf/automation/utilities/pr-cooldown/internal/github/client.go:137.48,138.13 1 1
github.com/cncf/automation/utilities/pr-cooldown/internal/github/client.go:141.4,142.37 2 1
github.com/cncf/automation/utilities/pr-cooldown/internal/github/client.go:142.37,143.57 1 1
github.com/cncf/automation/utilities/pr-cooldown/internal/github/client.go:143.57,145.6 1 1
github.com/cncf/automation/utilities/pr-cooldown/internal/github/client.go:149.3,149.25 1 1
github.com/cncf/automation/utilities/pr-cooldown/internal/github/client.go:149.25,150.9 1 1
github.com/cncf/automation/utilities/pr-cooldown/internal/github/client.go:152.3,152.28 1 0
github.com/cncf/automation/utilities/pr-cooldown/internal/github/client.go:155.2,155.19 1 1
github.com/cncf/automation/utilities/pr-cooldown/internal/github/client.go:160.49,163.15 3 1
github.com/cncf/automation/utilities/pr-cooldown/internal/github/client.go:163.15,165.3 1 1
github.com/cncf/automation/utilities/pr-cooldown/internal/github/client.go:166.2,166.34 1 1
github.com/cncf/automation/utilities/pr-cooldown/internal/store/sqlite/sqlite.go:24.47,26.16 2 1
github.com/cncf/automation/utilities/pr-cooldown/internal/store/sqlite/sqlite.go:26.16,28.3 1 0
github.com/cncf/automation/utilities/pr-cooldown/internal/store/sqlite/sqlite.go:31.2,31.62 1 1
github.com/cncf/automation/utilities/pr-cooldown/internal/store/sqlite/sqlite.go:31.62,34.3 2 0
github.com/cncf/automation/utilities/pr-cooldown/internal/store/sqlite/sqlite.go:36.2,37.41 2 1
github.com/cncf/automation/utilities/pr-cooldown/internal/store/sqlite/sqlite.go:37.41,40.3 2 0
github.com/cncf/automation/utilities/pr-cooldown/internal/store/sqlite/sqlite.go:42.2,42.15 1 1
github.com/cncf/automation/utilities/pr-cooldown/internal/store/sqlite/sqlite.go:45.44,73.34 2 1
github.com/cncf/automation/utilities/pr-cooldown/internal/store/sqlite/sqlite.go:73.34,74.44 1 1
github.com/cncf/automation/utilities/pr-cooldown/internal/store/sqlite/sqlite.go:74.44,76.4 1 0
github.com/cncf/automation/utilities/pr-cooldown/internal/store/sqlite/sqlite.go:78.2,78.12 1 1
github.com/cncf/automation/utilities/pr-cooldown/internal/store/sqlite/sqlite.go:82.77,91.26 5 1
github.com/cncf/automation/utilities/pr-cooldown/internal/store/sqlite/sqlite.go:91.26,93.3 1 1
github.com/cncf/automation/utilities/pr-cooldown/internal/store/sqlite/sqlite.go:94.2,94.16 1 1
github.com/cncf/automation/utilities/pr-cooldown/internal/store/sqlite/sqlite.go:94.16,96.3 1 0
github.com/cncf/automation/utilities/pr-cooldown/internal/store/sqlite/sqlite.go:98.2,99.16 2 1
github.com/cncf/automation/utilities/pr-cooldown/internal/store/sqlite/sqlite.go:99.16,101.3 1 0
github.com/cncf/automation/utilities/pr-cooldown/internal/store/sqlite/sqlite.go:102.2,103.16 2 1
github.com/cncf/automation/utilities/pr-cooldown/internal/store/sqlite/sqlite.go:103.16,105.3 1 0
github.com/cncf/automation/utilities/pr-cooldown/internal/store/sqlite/sqlite.go:107.2,107.16 1 1
github.com/cncf/automation/utilities/pr-cooldown/internal/store/sqlite/sqlite.go:111.67,122.16 2 1
github.com/cncf/automation/utilities/pr-cooldown/internal/store/sqlite/sqlite.go:122.16,124.3 1 0
github.com/cncf/automation/utilities/pr-cooldown/internal/store/sqlite/sqlite.go:125.2,125.12 1 1
github.com/cncf/automation/utilities/pr-cooldown/internal/store/sqlite/sqlite.go:129.97,138.16 2 1
github.com/cncf/automation/utilities/pr-cooldown/internal/store/sqlite/sqlite.go:138.16,140.3 1 0
github.com/cncf/automation/utilities/pr-cooldown/internal/store/sqlite/sqlite.go:141.2,144.18 3 1
github.com/cncf/automation/utilities/pr-cooldown/internal/store/sqlite/sqlite.go:144.18,148.17 4 1
github.com/cncf/automation/utilities/pr-cooldown/internal/store/sqlite/sqlite.go:148.17,150.4 1 0
github.com/cncf/automation/utilities/pr-cooldown/internal/store/sqlite/sqlite.go:151.3,151.21 1 1
github.com/cncf/automation/utilities/pr-cooldown/internal/store/sqlite/sqlite.go:151.21,153.18 2 1
github.com/cncf/automation/utilities/pr-cooldown/internal/store/sqlite/sqlite.go:153.18,155.5 1 0
github.com/cncf/automation/utilities/pr-cooldown/internal/store/sqlite/sqlite.go:156.4,156.19 1 1
github.com/cncf/automation/utilities/pr-cooldown/internal/store/sqlite/sqlite.go:158.3,158.21 1 1
github.com/cncf/automation/utilities/pr-cooldown/internal/store/sqlite/sqlite.go:158.21,160.18 2 1
github.com/cncf/automation/utilities/pr-cooldown/internal/store/sqlite/sqlite.go:160.18,162.5 1 0
github.com/cncf/automation/utilities/pr-cooldown/internal/store/sqlite/sqlite.go:163.4,163.18 1 1
github.com/cncf/automation/utilities/pr-cooldown/internal/store/sqlite/sqlite.go:165.3,165.37 1 1
github.com/cncf/automation/utilities/pr-cooldown/internal/store/sqlite/sqlite.go:167.2,167.35 1 1
github.com/cncf/automation/utilities/pr-cooldown/internal/store/sqlite/sqlite.go:167.35,169.3 1 0
github.com/cncf/automation/utilities/pr-cooldown/internal/store/sqlite/sqlite.go:171.2,171.24 1 1
github.com/cncf/automation/utilities/pr-cooldown/internal/store/sqlite/sqlite.go:175.75,177.16 2 1
github.com/cncf/automation/utilities/pr-cooldown/internal/store/sqlite/sqlite.go:177.16,179.3 1 0
github.com/cncf/automation/utilities/pr-cooldown/internal/store/sqlite/sqlite.go:180.2,191.16 3 1
github.com/cncf/automation/utilities/pr-cooldown/internal/store/sqlite/sqlite.go:191.16,193.3 1 0
github.com/cncf/automation/utilities/pr-cooldown/internal/store/sqlite/sqlite.go:194.2,196.31 2 1
github.com/cncf/automation/utilities/pr-cooldown/internal/store/sqlite/sqlite.go:196.31,198.24 2 1
github.com/cncf/automation/utilities/pr-cooldown/internal/store/sqlite/sqlite.go:198.24,201.4 2 1
github.com/cncf/automation/utilities/pr-cooldown/internal/store/sqlite/sqlite.go:202.3,211.17 2 1
github.com/cncf/automation/utilities/pr-cooldown/internal/store/sqlite/sqlite.go:211.17,213.4 1 0
github.com/cncf/automation/utilities/pr-cooldown/internal/store/sqlite/sqlite.go:216.2,216.36 1 1
github.com/cncf/automation/utilities/pr-cooldown/internal/store/sqlite/sqlite.go:216.36,218.3 1 0
github.com/cncf/automation/utilities/pr-cooldown/internal/store/sqlite/sqlite.go:219.2,219.12 1 1
github.com/cncf/automation/utilities/pr-cooldown/internal/store/sqlite/sqlite.go:223.75,235.26 6 1
github.com/cncf/automation/utilities/pr-cooldown/internal/store/sqlite/sqlite.go:235.26,237.3 1 1
github.com/cncf/automation/utilities/pr-cooldown/internal/store/sqlite/sqlite.go:238.2,238.16 1 1
github.com/cncf/automation/utilities/pr-cooldown/internal/store/sqlite/sqlite.go:238.16,240.3 1 0
github.com/cncf/automation/utilities/pr-cooldown/internal/store/sqlite/sqlite.go:242.2,242.25 1 1
github.com/cncf/automation/utilities/pr-cooldown/internal/store/sqlite/sqlite.go:242.25,244.17 2 1
github.com/cncf/automation/utilities/pr-cooldown/internal/store/sqlite/sqlite.go:244.17,246.4 1 0
github.com/cncf/automation/utilities/pr-cooldown/internal/store/sqlite/sqlite.go:247.3,247.23 1 1
github.com/cncf/automation/utilities/pr-cooldown/internal/store/sqlite/sqlite.go:249.2,249.27 1 1
github.com/cncf/automation/utilities/pr-cooldown/internal/store/sqlite/sqlite.go:249.27,251.17 2 1
github.com/cncf/automation/utilities/pr-cooldown/internal/store/sqlite/sqlite.go:251.17,253.4 1 0
github.com/cncf/automation/utilities/pr-cooldown/internal/store/sqlite/sqlite.go:254.3,254.25 1 1
github.com/cncf/automation/utilities/pr-cooldown/internal/store/sqlite/sqlite.go:257.2,257.72 1 1
github.com/cncf/automation/utilities/pr-cooldown/internal/store/sqlite/sqlite.go:257.72,259.3 1 0
github.com/cncf/automation/utilities/pr-cooldown/internal/store/sqlite/sqlite.go:261.2,261.16 1 1
github.com/cncf/automation/utilities/pr-cooldown/internal/store/sqlite/sqlite.go:265.68,267.16 2 1
github.com/cncf/automation/utilities/pr-cooldown/internal/store/sqlite/sqlite.go:267.16,269.3 1 0
github.com/cncf/automation/utilities/pr-cooldown/internal/store/sqlite/sqlite.go:271.2,272.35 2 1
github.com/cncf/automation/utilities/pr-cooldown/internal/store/sqlite/sqlite.go:272.35,275.3 2 1
github.com/cncf/automation/utilities/pr-cooldown/internal/store/sqlite/sqlite.go:277.2,278.37 2 1
github.com/cncf/automation/utilities/pr-cooldown/internal/store/sqlite/sqlite.go:278.37,281.3 2 1
github.com/cncf/automation/utilities/pr-cooldown/internal/store/sqlite/sqlite.go:283.2,297.16 2 1
github.com/cncf/automation/utilities/pr-cooldown/internal/store/sqlite/sqlite.go:297.16,299.3 1 0
github.com/cncf/automation/utilities/pr-cooldown/internal/store/sqlite/sqlite.go:300.2,300.12 1 1
github.com/cncf/automation/utilities/pr-cooldown/internal/store/sqlite/sqlite.go:304.37,306.2 1 1
